This is pdfTeX, Version 3.1415926-2.4-1.40.13 (TeX Live 2012) (format=pdflatex 2012.6.30)  6 NOV 2017 01:55
entering extended mode
 restricted \write18 enabled.
 %&-line parsing enabled.
**documentation.tex
(./documentation.tex
LaTeX2e <2011/06/27>
Babel <v3.8m> and hyphenation patterns for english, dumylang, nohyphenation, ge
rman-x-2012-05-30, ngerman-x-2012-05-30, afrikaans, ancientgreek, ibycus, arabi
c, armenian, basque, bulgarian, catalan, pinyin, coptic, croatian, czech, danis
h, dutch, ukenglish, usenglishmax, esperanto, estonian, ethiopic, farsi, finnis
h, french, friulan, galician, german, ngerman, swissgerman, monogreek, greek, h
ungarian, icelandic, assamese, bengali, gujarati, hindi, kannada, malayalam, ma
rathi, oriya, panjabi, tamil, telugu, indonesian, interlingua, irish, italian, 
kurmanji, latin, latvian, lithuanian, mongolian, mongolianlmc, bokmal, nynorsk,
 polish, portuguese, romanian, romansh, russian, sanskrit, serbian, serbianc, s
lovak, slovenian, spanish, swedish, turkish, turkmen, ukrainian, uppersorbian, 
welsh, loaded.
(/usr/local/texlive/2012/texmf-dist/tex/latex/base/article.cls
Document Class: article 2007/10/19 v1.4h Standard LaTeX document class
(/usr/local/texlive/2012/texmf-dist/tex/latex/base/size12.clo
File: size12.clo 2007/10/19 v1.4h Standard LaTeX file (size option)
)
\c@part=\count79
\c@section=\count80
\c@subsection=\count81
\c@subsubsection=\count82
\c@paragraph=\count83
\c@subparagraph=\count84
\c@figure=\count85
\c@table=\count86
\abovecaptionskip=\skip41
\belowcaptionskip=\skip42
\bibindent=\dimen102
)
(/usr/local/texlive/2012/texmf-dist/tex/latex/geometry/geometry.sty
Package: geometry 2010/09/12 v5.6 Page Geometry

(/usr/local/texlive/2012/texmf-dist/tex/latex/graphics/keyval.sty
Package: keyval 1999/03/16 v1.13 key=value parser (DPC)
\KV@toks@=\toks14
)
(/usr/local/texlive/2012/texmf-dist/tex/generic/oberdiek/ifpdf.sty
Package: ifpdf 2011/01/30 v2.3 Provides the ifpdf switch (HO)
Package ifpdf Info: pdfTeX in PDF mode is detected.
)
(/usr/local/texlive/2012/texmf-dist/tex/generic/oberdiek/ifvtex.sty
Package: ifvtex 2010/03/01 v1.5 Detect VTeX and its facilities (HO)
Package ifvtex Info: VTeX not detected.
)
(/usr/local/texlive/2012/texmf-dist/tex/generic/ifxetex/ifxetex.sty
Package: ifxetex 2010/09/12 v0.6 Provides ifxetex conditional
)
\Gm@cnth=\count87
\Gm@cntv=\count88
\c@Gm@tempcnt=\count89
\Gm@bindingoffset=\dimen103
\Gm@wd@mp=\dimen104
\Gm@odd@mp=\dimen105
\Gm@even@mp=\dimen106
\Gm@layoutwidth=\dimen107
\Gm@layoutheight=\dimen108
\Gm@layouthoffset=\dimen109
\Gm@layoutvoffset=\dimen110
\Gm@dimlist=\toks15
)
(/usr/local/texlive/2012/texmf-dist/tex/latex/preprint/authblk.sty
Package: authblk 2009/11/18 1.3 (PWD)
\affilsep=\skip43
\@affilsep=\skip44
\c@Maxaffil=\count90
\c@authors=\count91
\c@affil=\count92
)
(/usr/local/texlive/2012/texmf-dist/tex/latex/amsmath/amsmath.sty
Package: amsmath 2000/07/18 v2.13 AMS math features
\@mathmargin=\skip45

For additional information on amsmath, use the `?' option.
(/usr/local/texlive/2012/texmf-dist/tex/latex/amsmath/amstext.sty
Package: amstext 2000/06/29 v2.01

(/usr/local/texlive/2012/texmf-dist/tex/latex/amsmath/amsgen.sty
File: amsgen.sty 1999/11/30 v2.0
\@emptytoks=\toks16
\ex@=\dimen111
))
(/usr/local/texlive/2012/texmf-dist/tex/latex/amsmath/amsbsy.sty
Package: amsbsy 1999/11/29 v1.2d
\pmbraise@=\dimen112
)
(/usr/local/texlive/2012/texmf-dist/tex/latex/amsmath/amsopn.sty
Package: amsopn 1999/12/14 v2.01 operator names
)
\inf@bad=\count93
LaTeX Info: Redefining \frac on input line 211.
\uproot@=\count94
\leftroot@=\count95
LaTeX Info: Redefining \overline on input line 307.
\classnum@=\count96
\DOTSCASE@=\count97
LaTeX Info: Redefining \ldots on input line 379.
LaTeX Info: Redefining \dots on input line 382.
LaTeX Info: Redefining \cdots on input line 467.
\Mathstrutbox@=\box26
\strutbox@=\box27
\big@size=\dimen113
LaTeX Font Info:    Redeclaring font encoding OML on input line 567.
LaTeX Font Info:    Redeclaring font encoding OMS on input line 568.
\macc@depth=\count98
\c@MaxMatrixCols=\count99
\dotsspace@=\muskip10
\c@parentequation=\count100
\dspbrk@lvl=\count101
\tag@help=\toks17
\row@=\count102
\column@=\count103
\maxfields@=\count104
\andhelp@=\toks18
\eqnshift@=\dimen114
\alignsep@=\dimen115
\tagshift@=\dimen116
\tagwidth@=\dimen117
\totwidth@=\dimen118
\lineht@=\dimen119
\@envbody=\toks19
\multlinegap=\skip46
\multlinetaggap=\skip47
\mathdisplay@stack=\toks20
LaTeX Info: Redefining \[ on input line 2666.
LaTeX Info: Redefining \] on input line 2667.
)
(/usr/local/texlive/2012/texmf-dist/tex/latex/amsfonts/amsfonts.sty
Package: amsfonts 2009/06/22 v3.00 Basic AMSFonts support
\symAMSa=\mathgroup4
\symAMSb=\mathgroup5
LaTeX Font Info:    Overwriting math alphabet `\mathfrak' in version `bold'
(Font)                  U/euf/m/n --> U/euf/b/n on input line 96.
)
(/usr/local/texlive/2012/texmf-dist/tex/latex/listings/listings.sty
\lst@mode=\count105
\lst@gtempboxa=\box28
\lst@token=\toks21
\lst@length=\count106
\lst@currlwidth=\dimen120
\lst@column=\count107
\lst@pos=\count108
\lst@lostspace=\dimen121
\lst@width=\dimen122
\lst@newlines=\count109
\lst@lineno=\count110
\lst@maxwidth=\dimen123

(/usr/local/texlive/2012/texmf-dist/tex/latex/listings/lstmisc.sty
File: lstmisc.sty 2007/02/22 1.4 (Carsten Heinz)
\c@lstnumber=\count111
\lst@skipnumbers=\count112
\lst@framebox=\box29
)
(/usr/local/texlive/2012/texmf-dist/tex/latex/listings/listings.cfg
File: listings.cfg 2007/02/22 1.4 listings configuration
))
Package: listings 2007/02/22 1.4 (Carsten Heinz)

(/usr/local/texlive/2012/texmf-dist/tex/latex/graphics/graphicx.sty
Package: graphicx 1999/02/16 v1.0f Enhanced LaTeX Graphics (DPC,SPQR)

(/usr/local/texlive/2012/texmf-dist/tex/latex/graphics/graphics.sty
Package: graphics 2009/02/05 v1.0o Standard LaTeX Graphics (DPC,SPQR)

(/usr/local/texlive/2012/texmf-dist/tex/latex/graphics/trig.sty
Package: trig 1999/03/16 v1.09 sin cos tan (DPC)
)
(/usr/local/texlive/2012/texmf-dist/tex/latex/latexconfig/graphics.cfg
File: graphics.cfg 2010/04/23 v1.9 graphics configuration of TeX Live
)
Package graphics Info: Driver file: pdftex.def on input line 91.

(/usr/local/texlive/2012/texmf-dist/tex/latex/pdftex-def/pdftex.def
File: pdftex.def 2011/05/27 v0.06d Graphics/color for pdfTeX

(/usr/local/texlive/2012/texmf-dist/tex/generic/oberdiek/infwarerr.sty
Package: infwarerr 2010/04/08 v1.3 Providing info/warning/error messages (HO)
)
(/usr/local/texlive/2012/texmf-dist/tex/generic/oberdiek/ltxcmds.sty
Package: ltxcmds 2011/11/09 v1.22 LaTeX kernel commands for general use (HO)
)
\Gread@gobject=\count113
))
\Gin@req@height=\dimen124
\Gin@req@width=\dimen125
)
(/usr/local/texlive/2012/texmf-dist/tex/latex/braket/braket.sty)
(/usr/local/texlive/2012/texmf-dist/tex/latex/appendix/appendix.sty
Package: appendix 2009/09/02 v1.2b extra appendix facilities
\c@@pps=\count114
\c@@ppsavesec=\count115
\c@@ppsaveapp=\count116
)
(/usr/local/texlive/2012/texmf-dist/tex/latex/caption/subcaption.sty
Package: subcaption 2012/01/12 v1.1d Sub-captions (AR)

(/usr/local/texlive/2012/texmf-dist/tex/latex/caption/caption.sty
Package: caption 2012/02/19 v3.2f Customizing captions (AR)

(/usr/local/texlive/2012/texmf-dist/tex/latex/caption/caption3.sty
Package: caption3 2012/01/12 v1.4b caption3 kernel (AR)
\captionmargin=\dimen126
\captionmargin@=\dimen127
\captionwidth=\dimen128
\caption@indent=\dimen129
\caption@parindent=\dimen130
\caption@hangindent=\dimen131
)
\c@ContinuedFloat=\count117
Package caption Info: listings package is loaded.
)
\c@subfigure=\count118
\c@subtable=\count119
)
(/usr/local/texlive/2012/texmf-dist/tex/latex/cite/cite.sty
LaTeX Info: Redefining \cite on input line 302.
LaTeX Info: Redefining \nocite on input line 373.
Package: cite 2010/09/10  v 5.3
)
(/usr/local/texlive/2012/texmf-dist/tex/latex/titlepic/titlepic.sty
Package: titlepic 2009/08/03 1.1 Package to display a picture on the title page

)
(/usr/local/texlive/2012/texmf-dist/tex/latex/comment/comment.sty
\CommentStream=\write3

Excluding comment 'comment')
(/usr/local/texlive/2012/texmf-dist/tex/latex/tools/multicol.sty
Package: multicol 2011/06/27 v1.7a multicolumn formatting (FMi)
\c@tracingmulticols=\count120
\mult@box=\box30
\multicol@leftmargin=\dimen132
\c@unbalance=\count121
\c@collectmore=\count122
\doublecol@number=\count123
\multicoltolerance=\count124
\multicolpretolerance=\count125
\full@width=\dimen133
\page@free=\dimen134
\premulticols=\dimen135
\postmulticols=\dimen136
\multicolsep=\skip48
\multicolbaselineskip=\skip49
\partial@page=\box31
\last@line=\box32
\mult@rightbox=\box33
\mult@grightbox=\box34
\mult@gfirstbox=\box35
\mult@firstbox=\box36
\@tempa=\box37
\@tempa=\box38
\@tempa=\box39
\@tempa=\box40
\@tempa=\box41
\@tempa=\box42
\@tempa=\box43
\@tempa=\box44
\@tempa=\box45
\@tempa=\box46
\@tempa=\box47
\@tempa=\box48
\@tempa=\box49
\@tempa=\box50
\@tempa=\box51
\@tempa=\box52
\@tempa=\box53
\c@columnbadness=\count126
\c@finalcolumnbadness=\count127
\last@try=\dimen137
\multicolovershoot=\dimen138
\multicolundershoot=\dimen139
\mult@nat@firstbox=\box54
\colbreak@box=\box55
\multicol@sort@counter=\count128
)
(/usr/local/texlive/2012/texmf-dist/tex/latex/multenum/multienum.sty
\usedx=\skip50
\remainx=\skip51
\usedxx=\skip52
\remainxx=\skip53
\usedxxx=\skip54
\remainxxx=\skip55
\usedxxxx=\skip56
\remainxxxx=\skip57
\remainxox=\skip58
\remainxoxx=\skip59
\remainxxxxx=\skip60
\usedxxxxx=\skip61
\c@multienumdepth=\count129
\c@multienum=\count130
\c@multienumi=\count131
\c@multienumii=\count132
\c@multienumiii=\count133
\c@multienumiv=\count134
)
(./documentation.aux)
\openout1 = `documentation.aux'.

LaTeX Font Info:    Checking defaults for OML/cmm/m/it on input line 36.
LaTeX Font Info:    ... okay on input line 36.
LaTeX Font Info:    Checking defaults for T1/cmr/m/n on input line 36.
LaTeX Font Info:    ... okay on input line 36.
LaTeX Font Info:    Checking defaults for OT1/cmr/m/n on input line 36.
LaTeX Font Info:    ... okay on input line 36.
LaTeX Font Info:    Checking defaults for OMS/cmsy/m/n on input line 36.
LaTeX Font Info:    ... okay on input line 36.
LaTeX Font Info:    Checking defaults for OMX/cmex/m/n on input line 36.
LaTeX Font Info:    ... okay on input line 36.
LaTeX Font Info:    Checking defaults for U/cmr/m/n on input line 36.
LaTeX Font Info:    ... okay on input line 36.

*geometry* driver: auto-detecting
*geometry* detected driver: pdftex
*geometry* verbose mode - [ preamble ] result:
* driver: pdftex
* paper: letterpaper
* layout: <same size as paper>
* layoutoffset:(h,v)=(0.0pt,0.0pt)
* modes: 
* h-part:(L,W,R)=(72.26999pt, 469.75502pt, 72.26999pt)
* v-part:(T,H,B)=(72.26999pt, 650.43001pt, 72.26999pt)
* \paperwidth=614.295pt
* \paperheight=794.96999pt
* \textwidth=469.75502pt
* \textheight=650.43001pt
* \oddsidemargin=0.0pt
* \evensidemargin=0.0pt
* \topmargin=-37.0pt
* \headheight=12.0pt
* \headsep=25.0pt
* \topskip=12.0pt
* \footskip=30.0pt
* \marginparwidth=44.0pt
* \marginparsep=10.0pt
* \columnsep=10.0pt
* \skip\footins=10.8pt plus 4.0pt minus 2.0pt
* \hoffset=0.0pt
* \voffset=0.0pt
* \mag=1000
* \@twocolumnfalse
* \@twosidefalse
* \@mparswitchfalse
* \@reversemarginfalse
* (1in=72.27pt=25.4mm, 1cm=28.453pt)

\c@lstlisting=\count135
(/usr/local/texlive/2012/texmf-dist/tex/context/base/supp-pdf.mkii
[Loading MPS to PDF converter (version 2006.09.02).]
\scratchcounter=\count136
\scratchdimen=\dimen140
\scratchbox=\box56
\nofMPsegments=\count137
\nofMParguments=\count138
\everyMPshowfont=\toks22
\MPscratchCnt=\count139
\MPscratchDim=\dimen141
\MPnumerator=\count140
\makeMPintoPDFobject=\count141
\everyMPtoPDFconversion=\toks23
) (/usr/local/texlive/2012/texmf-dist/tex/generic/oberdiek/pdftexcmds.sty
Package: pdftexcmds 2011/11/29 v0.20 Utility functions of pdfTeX for LuaTeX (HO
)

(/usr/local/texlive/2012/texmf-dist/tex/generic/oberdiek/ifluatex.sty
Package: ifluatex 2010/03/01 v1.3 Provides the ifluatex switch (HO)
Package ifluatex Info: LuaTeX not detected.
)
Package pdftexcmds Info: LuaTeX not detected.
Package pdftexcmds Info: \pdf@primitive is available.
Package pdftexcmds Info: \pdf@ifprimitive is available.
Package pdftexcmds Info: \pdfdraftmode found.
)
(/usr/local/texlive/2012/texmf-dist/tex/latex/oberdiek/epstopdf-base.sty
Package: epstopdf-base 2010/02/09 v2.5 Base part for package epstopdf

(/usr/local/texlive/2012/texmf-dist/tex/latex/oberdiek/grfext.sty
Package: grfext 2010/08/19 v1.1 Manage graphics extensions (HO)

(/usr/local/texlive/2012/texmf-dist/tex/generic/oberdiek/kvdefinekeys.sty
Package: kvdefinekeys 2011/04/07 v1.3 Define keys (HO)
))
(/usr/local/texlive/2012/texmf-dist/tex/latex/oberdiek/kvoptions.sty
Package: kvoptions 2011/06/30 v3.11 Key value format for package options (HO)

(/usr/local/texlive/2012/texmf-dist/tex/generic/oberdiek/kvsetkeys.sty
Package: kvsetkeys 2012/04/25 v1.16 Key value parser (HO)

(/usr/local/texlive/2012/texmf-dist/tex/generic/oberdiek/etexcmds.sty
Package: etexcmds 2011/02/16 v1.5 Avoid name clashes with e-TeX commands (HO)
Package etexcmds Info: Could not find \expanded.
(etexcmds)             That can mean that you are not using pdfTeX 1.50 or
(etexcmds)             that some package has redefined \expanded.
(etexcmds)             In the latter case, load this package earlier.
)))
Package grfext Info: Graphics extension search list:
(grfext)             [.png,.pdf,.jpg,.mps,.jpeg,.jbig2,.jb2,.PNG,.PDF,.JPG,.JPE
G,.JBIG2,.JB2,.eps]
(grfext)             \AppendGraphicsExtensions on input line 452.

(/usr/local/texlive/2012/texmf-dist/tex/latex/latexconfig/epstopdf-sys.cfg
File: epstopdf-sys.cfg 2010/07/13 v1.3 Configuration of (r)epstopdf for TeX Liv
e
))
Package caption Info: Begin \AtBeginDocument code.
Package caption Info: End \AtBeginDocument code.
LaTeX Font Info:    Try loading font information for U+msa on input line 37.

(/usr/local/texlive/2012/texmf-dist/tex/latex/amsfonts/umsa.fd
File: umsa.fd 2009/06/22 v3.00 AMS symbols A
)
LaTeX Font Info:    Try loading font information for U+msb on input line 37.

(/usr/local/texlive/2012/texmf-dist/tex/latex/amsfonts/umsb.fd
File: umsb.fd 2009/06/22 v3.00 AMS symbols B
)
<NEXMD.pdf, id=1, 711.39899pt x 358.21329pt>
File: NEXMD.pdf Graphic file (type pdf)
 <use NEXMD.pdf>
Package pdftex.def Info: NEXMD.pdf used on input line 37.
(pdftex.def)             Requested size: 469.75502pt x 236.54173pt.
 [1

{/usr/local/texlive/2012/texmf-var/fonts/map/pdftex/updmap/pdftex.map} <./NEXMD
.pdf>]
(./documentation.toc)
\tf@toc=\write4
\openout4 = `documentation.toc'.

 [1] [2]
LaTeX Font Info:    Try loading font information for OMS+cmr on input line 44.

(/usr/local/texlive/2012/texmf-dist/tex/latex/base/omscmr.fd
File: omscmr.fd 1999/05/25 v2.5h Standard LaTeX font definitions
)
LaTeX Font Info:    Font shape `OMS/cmr/m/n' in size <12> not available
(Font)              Font shape `OMS/cmsy/m/n' tried instead on input line 44.
 [3] [4]
<general_procedure.png, id=89, 701.62125pt x 394.47375pt>
File: general_procedure.png Graphic file (type png)

<use general_procedure.png>
Package pdftex.def Info: general_procedure.png used on input line 100.
(pdftex.def)             Requested size: 420.97598pt x 236.68607pt.
 [5 <./general_procedure.png>]
Underfull \hbox (badness 10000) in paragraph at lines 108--112

 []

[6]
Overfull \hbox (5.66135pt too wide) in paragraph at lines 161--162
[][][][][][][][][][][][][][][][][][][][][][][][][][][][][][][][][] 
 []

[7]
Overfull \hbox (5.66135pt too wide) in paragraph at lines 189--190
[][][][][][][][][][][][][][][][][][][][][][][][][][][][][][][][] 
 []

[8]
Underfull \hbox (badness 10000) in paragraph at lines 207--211

 []

[9] [10] [11] [12]
Overfull \hbox (11.41003pt too wide) in paragraph at lines 307--308
[][][][][][][][][][][][][][][][][][][][][][][][][][][][][][][][][] 
 []

[13]
Overfull \hbox (3.3383pt too wide) in paragraph at lines 314--315
\OT1/cmr/m/n/12 tum co-ef-fi-cients. The out-put files for these quan-ti-ties a
re in []\OT1/cmtt/m/n/12 coords.xyz\OT1/cmr/m/n/12 , []\OT1/cmtt/m/n/12 velocit
y.xyz\OT1/cmr/m/n/12 ,
 []

[14] [15]
Overfull \hbox (0.97276pt too wide) in paragraph at lines 369--369
[]\OT1/cmr/bx/n/17.28 Modeling Pho-toin-duced Dy-nam-ics and Prepar-ing In-
 []

<getexcited_structure.pdf, id=136, 1736.4875pt x 578.16pt>
File: getexcited_structure.pdf Graphic file (type pdf)

<use getexcited_structure.pdf>
Package pdftex.def Info: getexcited_structure.pdf used on input line 384.
(pdftex.def)             Requested size: 468.8579pt x 156.10529pt.
 [16] [17 <./getexcited_structure.pdf>]
Underfull \hbox (badness 10000) in paragraph at lines 403--405

 []


Overfull \hbox (59.12425pt too wide) in paragraph at lines 427--428
[][][][][][][][][][][][][][][][][][][][][][][][][][][][][][][][] 
 []

[18]
Underfull \hbox (badness 10000) in paragraph at lines 474--476

 []

[19]
Overfull \hbox (59.12425pt too wide) in paragraph at lines 494--495
[][][][][][][][][][][][][][][][][][][][][][][][][][][][][][][][] 
 []

<spec_gauss.png, id=167, 578.16pt x 433.62pt>
File: spec_gauss.png Graphic file (type png)
 <use spec_gauss.png>
Package pdftex.def Info: spec_gauss.png used on input line 519.
(pdftex.def)             Requested size: 231.2599pt x 173.44492pt.

Overfull \hbox (8.12341pt too wide) in paragraph at lines 519--521
 [][] 
 []

<spec_lorentz.png, id=168, 578.16pt x 433.62pt>
File: spec_lorentz.png Graphic file (type png)
 <use spec_lorentz.png>
Package pdftex.def Info: spec_lorentz.png used on input line 525.
(pdftex.def)             Requested size: 231.2599pt x 173.44492pt.

Overfull \hbox (8.12341pt too wide) in paragraph at lines 525--527
 [][] 
 []


LaTeX Warning: `h' float specifier changed to `ht'.

[20] [21 <./spec_gauss.png> <./spec_lorentz.png>]
Overfull \hbox (59.12425pt too wide) in paragraph at lines 569--570
[][][][][][][][][][][][][][][][][][][][][][][][][][][][][][][][] 
 []

[22]
Overfull \hbox (59.12425pt too wide) in paragraph at lines 620--621
[][][][][][][][][][][][][][][][][][][][][][][][][][][][][][][][] 
 []

[23] [24]
Overfull \hbox (59.12425pt too wide) in paragraph at lines 676--677
[][][][][][][][][][][][][][][][][][][][][][][][][][][][][][][][] 
 []


Overfull \hbox (53.37556pt too wide) in paragraph at lines 680--681
[][][][][][][][][][][][][][][][][][][][][][][][][][] 
 []


Overfull \hbox (30.38081pt too wide) in paragraph at lines 684--685
[][][][][][][][][][][][][][][][][][][][][][][][][][][][][][][][][][][][] 
 []

[25]
Overfull \hbox (59.12425pt too wide) in paragraph at lines 724--725
[][][][][][][][][][][][][][][][][][][][][][][][][][][][][][][][] 
 []

[26]
Overfull \hbox (7.38606pt too wide) in paragraph at lines 741--742
[][][][][][][][][][][][][][][][][][][][][][][][][][][][][] 
 []

<pop_hops_allstates.png, id=193, 578.16pt x 433.62pt>
File: pop_hops_allstates.png Graphic file (type png)

<use pop_hops_allstates.png>
Package pdftex.def Info: pop_hops_allstates.png used on input line 751.
(pdftex.def)             Requested size: 231.2599pt x 173.44492pt.

Overfull \hbox (8.12341pt too wide) in paragraph at lines 751--753
 [][] 
 []

<pop_hops_expfit.png, id=194, 578.16pt x 433.62pt>
File: pop_hops_expfit.png Graphic file (type png)
 <use pop_hops_expfit.png>
Package pdftex.def Info: pop_hops_expfit.png used on input line 757.
(pdftex.def)             Requested size: 231.2599pt x 173.44492pt.

Overfull \hbox (8.12341pt too wide) in paragraph at lines 757--759
 [][] 
 []

[27 <./pop_hops_allstates.png> <./pop_hops_expfit.png>]
Overfull \hbox (13.73952pt too wide) in paragraph at lines 779--780
\OT1/cmr/m/n/12 where hops oc-cur. If the lat-ter is re-quested, two files can 
be gen-er-ated, []\OT1/cmtt/m/n/12 nact_hop_ensemble.out
 []


Overfull \hbox (59.12425pt too wide) in paragraph at lines 798--799
[][][][][][][][][][][][][][][][][][][][][][][][][][][][][][][][] 
 []

[28]
Overfull \hbox (36.1295pt too wide) in paragraph at lines 818--819
[][][][][][][][][][][][][][][][][][][][][][][][][][][]
 []

<pes_hist_all.png, id=203, 578.16pt x 433.62pt>
File: pes_hist_all.png Graphic file (type png)
 <use pes_hist_all.png>
Package pdftex.def Info: pes_hist_all.png used on input line 825.
(pdftex.def)             Requested size: 231.2599pt x 173.44492pt.

Overfull \hbox (8.12341pt too wide) in paragraph at lines 825--827
 [][] 
 []

<pes_hist_hops.png, id=204, 578.16pt x 433.62pt>
File: pes_hist_hops.png Graphic file (type png)
 <use pes_hist_hops.png>
Package pdftex.def Info: pes_hist_hops.png used on input line 831.
(pdftex.def)             Requested size: 231.2599pt x 173.44492pt.

Overfull \hbox (8.12341pt too wide) in paragraph at lines 831--833
 [][] 
 []

<asymm_dihedral.png, id=205, 320.53084pt x 258.9675pt>
File: asymm_dihedral.png Graphic file (type png)

<use asymm_dihedral.png>
Package pdftex.def Info: asymm_dihedral.png used on input line 843.
(pdftex.def)             Requested size: 160.26501pt x 129.48341pt.
 [29 <./pes_hist_all.png> <./pes_hist_hops.png>]
Overfull \hbox (59.12425pt too wide) in paragraph at lines 864--865
[][][][][][][][][][][][][][][][][][][][][][][][][][][][][][][][] 
 []

[30 <./asymm_dihedral.png>]
Overfull \hbox (7.38606pt too wide) in paragraph at lines 880--881
[][][][][][][][][][][][][][][][][][][][][][][][][][][][][][] 
 []


Overfull \hbox (87.86769pt too wide) in paragraph at lines 883--884
[][][][][][][][][][][][][][][][][][][][][][][][][][][][][][][][][][] 
 []

[31]
Overfull \hbox (48.31741pt too wide) in paragraph at lines 904--905
\OT1/cmr/m/n/12 sem-ble of tra-jec-to-ries. For the lat-ter, the mean over all 
tra-jec-to-ries ([]\OT1/cmtt/m/n/12 permdipole_mean_ensemble.out\OT1/cmr/m/n/12
 )
 []


Overfull \hbox (59.12425pt too wide) in paragraph at lines 924--925
[][][][][][][][][][][][][][][][][][][][][][][][][][][][][][][][] 
 []

[32]
Overfull \hbox (87.86769pt too wide) in paragraph at lines 941--942
[][][][][][][][][][][][][][][][][][][][][][][][][][][][][][][][][][] 
 []

[33]
Overfull \hbox (10.66727pt too wide) in paragraph at lines 981--982
\OT1/cmr/m/n/12 en-sem-ble of tra-jec-to-ries. For the lat-ter, the mean over a
ll tra-jec-to-ries ([]\OT1/cmtt/m/n/12 td_mean_ensemble.out\OT1/cmr/m/n/12 )
 []

[34]
Overfull \hbox (59.12425pt too wide) in paragraph at lines 1000--1001
[][][][][][][][][][][][][][][][][][][][][][][][][][][][][][][][] 
 []


Overfull \hbox (18.88344pt too wide) in paragraph at lines 1007--1009
[][][][][][][][][][][][][][][][][][][][][][][][][] 
 []


Overfull \hbox (64.87294pt too wide) in paragraph at lines 1010--1011
[][][][][][][][][][][][][][][][][][][][][][][][][][][][] 
 []


Overfull \hbox (41.87819pt too wide) in paragraph at lines 1016--1017
[][][][][][][][][][][][][][][][][][][][][][][][][][][][][][][][][][][] 
 []

[35]
Overfull \hbox (11.3888pt too wide) in paragraph at lines 1040--1041
\OT1/cmr/m/n/12 among []\OT1/cmtt/m/n/12 ground state\OT1/cmr/m/n/12 , []\OT1/c
mtt/m/n/12 excited states\OT1/cmr/m/n/12 , []\OT1/cmtt/m/n/12 adiabatic forces\
OT1/cmr/m/n/12 , and []\OT1/cmtt/m/n/12 nonadibatic derivatives\OT1/cmr/m/n/12 
.
 []


Overfull \hbox (59.12425pt too wide) in paragraph at lines 1060--1061
[][][][][][][][][][][][][][][][][][][][][][][][][][][][][][][][] 
 []

[36] [37] [38]
Overfull \hbox (59.12425pt too wide) in paragraph at lines 1141--1142
[][][][][][][][][][][][][][][][][][][][][][][][][][][][][][][][] 
 []

[39]
Overfull \hbox (59.12425pt too wide) in paragraph at lines 1185--1186
[][][][][][][][][][][][][][][][][][][][][][][][][][][][][][][][] 
 []

[40]
Overfull \hbox (24.63213pt too wide) in paragraph at lines 1196--1197
[][][][][][][][][][][][][][][][][][][][][][][][][][][][][][][] 
 []


Overfull \hbox (59.12425pt too wide) in paragraph at lines 1230--1231
[][][][][][][][][][][][][][][][][][][][][][][][][][][][][][][][] 
 []

[41]
Overfull \hbox (9.44943pt too wide) in paragraph at lines 1252--1253
[][]\OT1/cmtt/m/n/12 coords.xyz\OT1/cmr/m/n/12 , []\OT1/cmtt/m/n/12 velocity.ou
t\OT1/cmr/m/n/12 , and []\OT1/cmtt/m/n/12 coefficient.out \OT1/cmr/m/n/12 con-t
ain the co-or-di-nates in angstroms
 []

[42] [43] (./documentation.bbl [44]) [45] [46]
Overfull \hbox (5.66135pt too wide) in paragraph at lines 1313--1314
[][][][][][][][][][][][][][][][][][][][][][][][][][][][][][][][][] 
 []


Overfull \hbox (5.66135pt too wide) in paragraph at lines 1330--1331
[][][][][][][][][][][][][][][][][][][][][][][][][][][][][][][][] 
 []

[47]
Overfull \hbox (11.41003pt too wide) in paragraph at lines 1384--1385
[][][][][][][][][][][][][][][][][][][][][][][][][][][][][][][][][] 
 []

[48] [49] [50]
Overfull \hbox (5.66135pt too wide) in paragraph at lines 1477--1478
[][][][][][][][][][][][][][][][][][][][][][][][][][][][][][][][][] 
 []


Overfull \hbox (5.66135pt too wide) in paragraph at lines 1494--1495
[][][][][][][][][][][][][][][][][][][][][][][][][][][][][][][][] 
 []

[51]
Overfull \hbox (11.41003pt too wide) in paragraph at lines 1548--1549
[][][][][][][][][][][][][][][][][][][][][][][][][][][][][][][][][] 
 []

[52] [53] [54]
Overfull \hbox (5.66135pt too wide) in paragraph at lines 1641--1642
[][][][][][][][][][][][][][][][][][][][][][][][][][][][][][][][][] 
 []


Overfull \hbox (5.66135pt too wide) in paragraph at lines 1658--1659
[][][][][][][][][][][][][][][][][][][][][][][][][][][][][][][][] 
 []

[55]
Overfull \hbox (11.41003pt too wide) in paragraph at lines 1712--1713
[][][][][][][][][][][][][][][][][][][][][][][][][][][][][][][][][] 
 []

[56] [57] [58]
Overfull \hbox (5.66135pt too wide) in paragraph at lines 1805--1806
[][][][][][][][][][][][][][][][][][][][][][][][][][][][][][][][][] 
 []


Overfull \hbox (5.66135pt too wide) in paragraph at lines 1822--1823
[][][][][][][][][][][][][][][][][][][][][][][][][][][][][][][][] 
 []

[59]
Overfull \hbox (11.41003pt too wide) in paragraph at lines 1876--1877
[][][][][][][][][][][][][][][][][][][][][][][][][][][][][][][][][] 
 []

[60] [61]
Overfull \hbox (14.92429pt too wide) in paragraph at lines 1937--1938
[]\OT1/cmr/m/n/12 Other im-por-tant in-puts that gen-er-ally do not need to be 
changed in-clude: []\OT1/cmtt/m/n/12 n_quant_steps=4\OT1/cmr/m/n/12 ,
 []

[62]
Overfull \hbox (5.66135pt too wide) in paragraph at lines 1969--1970
[][][][][][][][][][][][][][][][][][][][][][][][][][][][][][][][][] 
 []


Overfull \hbox (5.66135pt too wide) in paragraph at lines 1986--1987
[][][][][][][][][][][][][][][][][][][][][][][][][][][][][][][][] 
 []

[63]
Overfull \hbox (11.41003pt too wide) in paragraph at lines 2040--2041
[][][][][][][][][][][][][][][][][][][][][][][][][][][][][][][][][] 
 []

[64] [65]
<ppv_es_traj_decohere1_notrivial_langevin_hops_old_v_new.png, id=328, 578.16pt 
x 433.62pt>
File: ppv_es_traj_decohere1_notrivial_langevin_hops_old_v_new.png Graphic file 
(type png)
 <use ppv_es_traj_decohere1_notrivial_langevin_hops_old_v_new.png>
Package pdftex.def Info: ppv_es_traj_decohere1_notrivial_langevin_hops_old_v_ne
w.png used on input line 2092.
(pdftex.def)             Requested size: 202.35902pt x 151.76927pt.

Overfull \hbox (2.71172pt too wide) in paragraph at lines 2092--2094
 [][] 
 []


<ppv_es_traj_decohere1_notrivial_langevin_coeff_old_v_new.png, id=329, 578.16pt
 x 433.62pt>
File: ppv_es_traj_decohere1_notrivial_langevin_coeff_old_v_new.png Graphic file
 (type png)

<use ppv_es_traj_decohere1_notrivial_langevin_coeff_old_v_new.png>
Package pdftex.def Info: ppv_es_traj_decohere1_notrivial_langevin_coeff_old_v_n
ew.png used on input line 2098.
(pdftex.def)             Requested size: 202.35902pt x 151.76927pt.

Overfull \hbox (2.71172pt too wide) in paragraph at lines 2098--2100
 [][] 
 []


<ppv_es_traj_decohere1_yestrivial_langevin_hops_old_v_new.png, id=330, 578.16pt
 x 433.62pt>
File: ppv_es_traj_decohere1_yestrivial_langevin_hops_old_v_new.png Graphic file
 (type png)

<use ppv_es_traj_decohere1_yestrivial_langevin_hops_old_v_new.png>
Package pdftex.def Info: ppv_es_traj_decohere1_yestrivial_langevin_hops_old_v_n
ew.png used on input line 2103.
(pdftex.def)             Requested size: 202.35902pt x 151.76927pt.

Overfull \hbox (2.71172pt too wide) in paragraph at lines 2103--2105
 [][] 
 []


<ppv_es_traj_decohere1_yestrivial_langevin_coeff_old_v_new.png, id=331, 578.16p
t x 433.62pt>
File: ppv_es_traj_decohere1_yestrivial_langevin_coeff_old_v_new.png Graphic fil
e (type png)

<use ppv_es_traj_decohere1_yestrivial_langevin_coeff_old_v_new.png>
Package pdftex.def Info: ppv_es_traj_decohere1_yestrivial_langevin_coeff_old_v_
new.png used on input line 2109.
(pdftex.def)             Requested size: 202.35902pt x 151.76927pt.

Overfull \hbox (2.71172pt too wide) in paragraph at lines 2109--2111
 [][] 
 []


<ppv_es_traj_decohere2_yestrivial_langevin_hops_old_v_new.png, id=332, 578.16pt
 x 433.62pt>
File: ppv_es_traj_decohere2_yestrivial_langevin_hops_old_v_new.png Graphic file
 (type png)

<use ppv_es_traj_decohere2_yestrivial_langevin_hops_old_v_new.png>
Package pdftex.def Info: ppv_es_traj_decohere2_yestrivial_langevin_hops_old_v_n
ew.png used on input line 2118.
(pdftex.def)             Requested size: 202.35902pt x 151.76927pt.

Overfull \hbox (2.71172pt too wide) in paragraph at lines 2118--2120
 [][] 
 []


<ppv_es_traj_decohere2_yestrivial_langevin_coeff_old_v_new.png, id=333, 578.16p
t x 433.62pt>
File: ppv_es_traj_decohere2_yestrivial_langevin_coeff_old_v_new.png Graphic fil
e (type png)

<use ppv_es_traj_decohere2_yestrivial_langevin_coeff_old_v_new.png>
Package pdftex.def Info: ppv_es_traj_decohere2_yestrivial_langevin_coeff_old_v_
new.png used on input line 2124.
(pdftex.def)             Requested size: 202.35902pt x 151.76927pt.

Overfull \hbox (2.71172pt too wide) in paragraph at lines 2124--2126
 [][] 
 []


<ppv_es_traj_decohere2_yestrivial_langevin_realistic_hops_old_v_new_opt.png, id
=334, 578.16pt x 433.62pt>
File: ppv_es_traj_decohere2_yestrivial_langevin_realistic_hops_old_v_new_opt.pn
g Graphic file (type png)

<use ppv_es_traj_decohere2_yestrivial_langevin_realistic_hops_old_v_new_opt.png
>
Package pdftex.def Info: ppv_es_traj_decohere2_yestrivial_langevin_realistic_ho
ps_old_v_new_opt.png used on input line 2129.
(pdftex.def)             Requested size: 202.35902pt x 151.76927pt.

Overfull \hbox (2.71172pt too wide) in paragraph at lines 2129--2131
 [][] 
 []


<ppv_es_traj_decohere2_yestrivial_langevin_realistic_coeff_old_v_new_opt.png, i
d=335, 578.16pt x 433.62pt>
File: ppv_es_traj_decohere2_yestrivial_langevin_realistic_coeff_old_v_new_opt.p
ng Graphic file (type png)

<use ppv_es_traj_decohere2_yestrivial_langevin_realistic_coeff_old_v_new_opt.pn
g>
Package pdftex.def Info: ppv_es_traj_decohere2_yestrivial_langevin_realistic_co
eff_old_v_new_opt.png used on input line 2136.
(pdftex.def)             Requested size: 202.35902pt x 151.76927pt.

Overfull \hbox (2.71172pt too wide) in paragraph at lines 2136--2138
 [][] 
 []


LaTeX Warning: `h' float specifier changed to `ht'.


<ppv_es_traj_decohere2_yestrivial_langevin_realistic_timings_hist.png, id=336, 
578.16pt x 433.62pt>
File: ppv_es_traj_decohere2_yestrivial_langevin_realistic_timings_hist.png Grap
hic file (type png)

<use ppv_es_traj_decohere2_yestrivial_langevin_realistic_timings_hist.png>
Package pdftex.def Info: ppv_es_traj_decohere2_yestrivial_langevin_realistic_ti
mings_hist.png used on input line 2145.
(pdftex.def)             Requested size: 202.35902pt x 151.76927pt.

Overfull \hbox (2.71172pt too wide) in paragraph at lines 2145--2147
 [][] 
 []

<timing_states_benchmark.png, id=337, 578.16pt x 433.62pt>
File: timing_states_benchmark.png Graphic file (type png)

<use timing_states_benchmark.png>
Package pdftex.def Info: timing_states_benchmark.png used on input line 2152.
(pdftex.def)             Requested size: 202.35902pt x 151.76927pt.

Overfull \hbox (2.71172pt too wide) in paragraph at lines 2152--2154
 [][] 
 []

<timing_compiler_benchmark.png, id=338, 578.16pt x 433.62pt>
File: timing_compiler_benchmark.png Graphic file (type png)

<use timing_compiler_benchmark.png>
Package pdftex.def Info: timing_compiler_benchmark.png used on input line 2158.

(pdftex.def)             Requested size: 202.35902pt x 151.76927pt.

Overfull \hbox (2.71172pt too wide) in paragraph at lines 2158--2160
 [][] 
 []

<population_compilers.png, id=339, 867.24pt x 1156.32pt>
File: population_compilers.png Graphic file (type png)

<use population_compilers.png>
Package pdftex.def Info: population_compilers.png used on input line 2164.
(pdftex.def)             Requested size: 216.80946pt x 289.07928pt.

Overfull \hbox (17.16216pt too wide) in paragraph at lines 2164--2166
 [][] 
 []


LaTeX Warning: Float too large for page by 6.04861pt on input line 2168.


LaTeX Warning: `h' float specifier changed to `ht'.

[66 <./ppv_es_traj_decohere1_notrivial_langevin_hops_old_v_new.png> <./ppv_es_t
raj_decohere1_notrivial_langevin_coeff_old_v_new.png> <./ppv_es_traj_decohere1_
yestrivial_langevin_hops_old_v_new.png> <./ppv_es_traj_decohere1_yestrivial_lan
gevin_coeff_old_v_new.png>] [67 <./ppv_es_traj_decohere2_yestrivial_langevin_ho
ps_old_v_new.png> <./ppv_es_traj_decohere2_yestrivial_langevin_coeff_old_v_new.
png> <./ppv_es_traj_decohere2_yestrivial_langevin_realistic_hops_old_v_new_opt.
png> <./ppv_es_traj_decohere2_yestrivial_langevin_realistic_coeff_old_v_new_opt
.png>] [68 <./ppv_es_traj_decohere2_yestrivial_langevin_realistic_timings_hist.
png> <./timing_states_benchmark.png> <./timing_compiler_benchmark.png> <./popul
ation_compilers.png>] (./documentation.aux) ) 
Here is how much of TeX's memory you used:
 5616 strings out of 493488
 86646 string characters out of 3141326
 183430 words of memory out of 3000000
 8804 multiletter control sequences out of 15000+200000
 15564 words of font info for 60 fonts, out of 3000000 for 9000
 957 hyphenation exceptions out of 8191
 42i,9n,40p,1999b,1505s stack positions out of 5000i,500n,10000p,200000b,50000s
</usr/local/texlive/2012/texmf-dis
t/fonts/type1/public/amsfonts/cm/cmbx10.pfb></usr/local/texlive/2012/texmf-dist
/fonts/type1/public/amsfonts/cm/cmbx12.pfb></usr/local/texlive/2012/texmf-dist/
fonts/type1/public/amsfonts/cm/cmex10.pfb></usr/local/texlive/2012/texmf-dist/f
onts/type1/public/amsfonts/cm/cmmi10.pfb></usr/local/texlive/2012/texmf-dist/fo
nts/type1/public/amsfonts/cm/cmmi12.pfb></usr/local/texlive/2012/texmf-dist/fon
ts/type1/public/amsfonts/cm/cmmi6.pfb></usr/local/texlive/2012/texmf-dist/fonts
/type1/public/amsfonts/cm/cmmi8.pfb></usr/local/texlive/2012/texmf-dist/fonts/t
ype1/public/amsfonts/cm/cmr10.pfb></usr/local/texlive/2012/texmf-dist/fonts/typ
e1/public/amsfonts/cm/cmr12.pfb></usr/local/texlive/2012/texmf-dist/fonts/type1
/public/amsfonts/cm/cmr17.pfb></usr/local/texlive/2012/texmf-dist/fonts/type1/p
ublic/amsfonts/cm/cmr8.pfb></usr/local/texlive/2012/texmf-dist/fonts/type1/publ
ic/amsfonts/cm/cmsy10.pfb></usr/local/texlive/2012/texmf-dist/fonts/type1/publi
c/amsfonts/cm/cmsy8.pfb></usr/local/texlive/2012/texmf-dist/fonts/type1/public/
amsfonts/cm/cmti12.pfb></usr/local/texlive/2012/texmf-dist/fonts/type1/public/a
msfonts/cm/cmtt10.pfb></usr/local/texlive/2012/texmf-dist/fonts/type1/public/am
sfonts/cm/cmtt12.pfb></usr/local/texlive/2012/texmf-dist/fonts/type1/public/ams
fonts/symbols/msbm10.pfb>
Output written on documentation.pdf (69 pages, 1851719 bytes).
PDF statistics:
 420 PDF objects out of 1000 (max. 8388607)
 223 compressed objects within 3 object streams
 0 named destinations out of 1000 (max. 500000)
 111 words of extra memory for PDF output out of 10000 (max. 10000000)

